<?xml version='1.0' encoding='UTF-8'?>
<testsuites>
  <testsuite name='Apex' timestamp=''>
    <properties />
  </testsuite>
  <testcase name='loadUserBadges' classname='TrailheadAPI_Test' time='180.0'>
    <failure type='Class' message='System.AssertException: Assertion Failed: Expected: 1, Actual: 0' />
	<system-err> (trailheadapp)</system-err>
  </testcase>
  <testcase name='testGetStudent' classname='AccountDetailSelectTest' time='100.0' />
  <testcase name='itShould' classname='AccountDetailTest' time='63.0' />
  <testcase name='testGetCase' classname='CaseDetailCITest' time='197.0' />
  <testcase name='testGetAll' classname='ERD_DescribeSObjects' time='43.0' />
  <testcase name='testTitle' classname='ERD_OrgChart' time='16.0' />
  <testcase name='testLabel' classname='ERD_OrgChartEntry' time='19.0' />
  <testcase name='testERD_SchemaVizController' classname='ERD_SchemaVizController' time='35.0' />
  <testcase name='testERD_SchemaVizControllerTestNavigation' classname='ERD_SchemaVizController' time='26.0' />
  <testcase name='testGetStudent' classname='StudentClassCITest' time='142.0' />
  <testcase name='testGetUsername' classname='BadgesComponentController_Test' time='51.0' />
  <testcase name='testUserBadgeCountByStatus' classname='BadgesComponentController_Test' time='33.0' />
  <testcase name='testUserBadgesByStatus' classname='BadgesComponentController_Test' time='64.0' />
  <testcase name='testLog' classname='Logger_Test' time='18.0' />
  <testcase name='testStop' classname='Logger_Test' time='44.0' />
  <testcase name='testStopDMLError' classname='Logger_Test' time='26.0' />
  <testcase name='testTransactionName' classname='Logger_Test' time='14.0' />
  <testcase name='testControllerSync' classname='NoCredentials_Test' time='21.0' />
  <testcase name='testLoginNoCreds' classname='NoCredentials_Test' time='18.0' />
  <testcase name='testNewData' classname='PostInstall_Test' time='1310.0' />
  <testcase name='testSuccess' classname='PostInstall_Test' time='4538.0' />
  <testcase name='loadBadges' classname='TrailheadAPI_Test' time='172.0' />
  <testcase name='loadBadgesError' classname='TrailheadAPI_Test' time='76.0' />
  <testcase name='loadBadgesUpsertError' classname='TrailheadAPI_Test' time='128.0' />
  <testcase name='loadTrails' classname='TrailheadAPI_Test' time='157.0' />
  <testcase name='loadTrailsError' classname='TrailheadAPI_Test' time='95.0' />
  <testcase name='loadTrailsUpsertError' classname='TrailheadAPI_Test' time='110.0' />
  <testcase name='loadUserBadgesError' classname='TrailheadAPI_Test' time='91.0' />
  <testcase name='loadUserBadgesUpsertError' classname='TrailheadAPI_Test' time='108.0' />
  <testcase name='loginError' classname='TrailheadAPI_Test' time='34.0' />
  <testcase name='loginSuccess' classname='TrailheadAPI_Test' time='72.0' />
  <testcase name='formatBadgeId' classname='TrailheadAPIHelper_Test' time='14.0' />
  <testcase name='formatErrorMessage' classname='TrailheadAPIHelper_Test' time='17.0' />
  <testcase name='loginCalloutException' classname='TrailheadAPIHelper_Test' time='19.0' />
  <testcase name='loginCredsNoToken' classname='TrailheadAPIHelper_Test' time='153.0' />
  <testcase name='loginCredsNotFound' classname='TrailheadAPIHelper_Test' time='34.0' />
  <testcase name='loginCredsWithToken' classname='TrailheadAPIHelper_Test' time='130.0' />
  <testcase name='loginError' classname='TrailheadAPIHelper_Test' time='17.0' />
  <testcase name='loginSuccess' classname='TrailheadAPIHelper_Test' time='20.0' />
  <testcase name='parseDate' classname='TrailheadAPIHelper_Test' time='12.0' />
  <testcase name='parseDateTime' classname='TrailheadAPIHelper_Test' time='13.0' />
  <testcase name='request' classname='TrailheadAPIHelper_Test' time='15.0' />
  <testcase name='toStringList' classname='TrailheadAPIHelper_Test' time='12.0' />
  <testcase name='totalCountError' classname='TrailheadAPIHelper_Test' time='19.0' />
  <testcase name='totalCountSuccess' classname='TrailheadAPIHelper_Test' time='20.0' />
  <testcase name='totalUserCountError' classname='TrailheadAPIHelper_Test' time='36.0' />
  <testcase name='totalUserCountMessageException' classname='TrailheadAPIHelper_Test' time='24.0' />
  <testcase name='totalUserCountSuccess' classname='TrailheadAPIHelper_Test' time='25.0' />
  <testcase name='userSearchBody' classname='TrailheadAPIHelper_Test' time='27.0' />
  <testcase name='testScheduleable' classname='TrailheadService_Test' time='18.0' />
  <testcase name='testControllerSettings' classname='TrailheadSetupController_Test' time='133.0' />
  <testcase name='testControllerSettingsError' classname='TrailheadSetupController_Test' time='68.0' />
  <testcase name='testControllerSync' classname='TrailheadSetupController_Test' time='78.0' />
  <testcase name='testControllerSyncError' classname='TrailheadSetupController_Test' time='17.0' />
  <testcase name='testQueueJob' classname='TrailheadTestController_Test' time='54.0' />
</testsuites>